Using pre-set license
Built from '2022.3/staging' branch; Version is '2022.3.9f1 (ea401c316338) revision 15351836'; Using compiler version '192829333'; Build Type 'Release'
OS: 'Windows 11  (10.0.26100) 64bit Education' Language: 'en' Physical Memory: 16072 MB
BatchMode: 1, IsHumanControllingUs: 0, StartBugReporterOnCrash: 0, Is64bit: 1, IsPro: 1

COMMAND LINE ARGUMENTS:
C:\Program Files\Unity\Hub\Editor\2022.3.9f1\Editor\Unity.exe
-adb2
-batchMode
-noUpm
-name
AssetImportWorker1
-projectPath
C:/Users/tbright2027/Documents/GitHub/the-game-name
-logFile
Logs/AssetImportWorker1.log
-srvPort
60279
Successfully changed project path to: C:/Users/tbright2027/Documents/GitHub/the-game-name
C:/Users/tbright2027/Documents/GitHub/the-game-name
[UnityMemory] Configuration Parameters - Can be set up in boot.config
    "memorysetup-bucket-allocator-granularity=16"
    "memorysetup-bucket-allocator-bucket-count=8"
    "memorysetup-bucket-allocator-block-size=33554432"
    "memorysetup-bucket-allocator-block-count=8"
    "memorysetup-main-allocator-block-size=16777216"
    "memorysetup-thread-allocator-block-size=16777216"
    "memorysetup-gfx-main-allocator-block-size=16777216"
    "memorysetup-gfx-thread-allocator-block-size=16777216"
    "memorysetup-cache-allocator-block-size=4194304"
    "memorysetup-typetree-allocator-block-size=2097152"
    "memorysetup-profiler-bucket-allocator-granularity=16"
    "memorysetup-profiler-bucket-allocator-bucket-count=8"
    "memorysetup-profiler-bucket-allocator-block-size=33554432"
    "memorysetup-profiler-bucket-allocator-block-count=8"
    "memorysetup-profiler-allocator-block-size=16777216"
    "memorysetup-profiler-editor-allocator-block-size=1048576"
    "memorysetup-temp-allocator-size-main=16777216"
    "memorysetup-job-temp-allocator-block-size=2097152"
    "memorysetup-job-temp-allocator-block-size-background=1048576"
    "memorysetup-job-temp-allocator-reduction-small-platforms=262144"
    "memorysetup-allocator-temp-initial-block-size-main=262144"
    "memorysetup-allocator-temp-initial-block-size-worker=262144"
    "memorysetup-temp-allocator-size-background-worker=32768"
    "memorysetup-temp-allocator-size-job-worker=262144"
    "memorysetup-temp-allocator-size-preload-manager=33554432"
    "memorysetup-temp-allocator-size-nav-mesh-worker=65536"
    "memorysetup-temp-allocator-size-audio-worker=65536"
    "memorysetup-temp-allocator-size-cloud-worker=32768"
    "memorysetup-temp-allocator-size-gi-baking-worker=262144"
    "memorysetup-temp-allocator-size-gfx=262144"
Player connection [15140] Host "[IP] 10.1.21.20 [Port] 0 [Flags] 2 [Guid] 589498642 [EditorId] 589498642 [Version] 1048832 [Id] WindowsEditor(7,23HS11107) [Debug] 1 [PackageName] WindowsEditor [ProjectName] Editor" joined multi-casting on [225.0.0.222:54997]...

Player connection [15140] Host "[IP] 10.1.21.20 [Port] 0 [Flags] 2 [Guid] 589498642 [EditorId] 589498642 [Version] 1048832 [Id] WindowsEditor(7,23HS11107) [Debug] 1 [PackageName] WindowsEditor [ProjectName] Editor" joined alternative multi-casting on [225.0.0.222:34997]...

[Physics::Module] Initialized MultithreadedJobDispatcher with 19 workers.
Refreshing native plugins compatible for Editor in 16.02 ms, found 9 plugins.
Preloading 0 native plugins for Editor in 0.00 ms.
Initialize engine version: 2022.3.9f1 (ea401c316338)
[Subsystems] Discovering subsystems at path C:/Program Files/Unity/Hub/Editor/2022.3.9f1/Editor/Data/Resources/UnitySubsystems
[Subsystems] Discovering subsystems at path C:/Users/tbright2027/Documents/GitHub/the-game-name/Assets
GfxDevice: creating device client; threaded=0; jobified=0
Direct3D:
    Version:  Direct3D 11.0 [level 11.1]
    Renderer: Intel(R) UHD Graphics 770 (ID=0x4680)
    Vendor:   Intel
    VRAM:     8036 MB
    Driver:   32.0.101.6078
Initialize mono
Mono path[0] = 'C:/Program Files/Unity/Hub/Editor/2022.3.9f1/Editor/Data/Managed'
Mono path[1] = 'C:/Program Files/Unity/Hub/Editor/2022.3.9f1/Editor/Data/MonoBleedingEdge/lib/mono/unityjit-win32'
Mono config path = 'C:/Program Files/Unity/Hub/Editor/2022.3.9f1/Editor/Data/MonoBleedingEdge/etc'
Using monoOptions --debugger-agent=transport=dt_socket,embedding=1,server=y,suspend=n,address=127.0.0.1:56480
Begin MonoManager ReloadAssembly
Registering precompiled unity dll's ...
Register platform support module: C:/Program Files/Unity/Hub/Editor/2022.3.9f1/Editor/Data/PlaybackEngines/WindowsStandaloneSupport/UnityEditor.WindowsStandalone.Extensions.dll
Registered in 0.004474 seconds.
- Loaded All Assemblies, in  0.306 seconds
Native extension for WindowsStandalone target not found
Mono: successfully reloaded assembly
- Finished resetting the current domain, in  0.213 seconds
Domain Reload Profiling: 518ms
	BeginReloadAssembly (105ms)
		ExecutionOrderSort (0ms)
		DisableScriptedObjects (0ms)
		BackupInstance (0ms)
		ReleaseScriptingObjects (0ms)
		CreateAndSetChildDomain (1ms)
	RebuildCommonClasses (28ms)
	RebuildNativeTypeToScriptingClass (7ms)
	initialDomainReloadingComplete (47ms)
	LoadAllAssembliesAndSetupDomain (117ms)
		LoadAssemblies (103ms)
		RebuildTransferFunctionScriptingTraits (0ms)
		AnalyzeDomain (114ms)
			TypeCache.Refresh (113ms)
				TypeCache.ScanAssembly (99ms)
			ScanForSourceGeneratedMonoScriptInfo (0ms)
			ResolveRequiredComponents (1ms)
	FinalizeReload (214ms)
		ReleaseScriptCaches (0ms)
		RebuildScriptCaches (0ms)
		SetupLoadedEditorAssemblies (164ms)
			LogAssemblyErrors (0ms)
			InitializePlatformSupportModulesInManaged (7ms)
			SetLoadedEditorAssemblies (6ms)
			RefreshPlugins (0ms)
			BeforeProcessingInitializeOnLoad (2ms)
			ProcessInitializeOnLoadAttributes (107ms)
			ProcessInitializeOnLoadMethodAttributes (42ms)
			AfterProcessingInitializeOnLoad (0ms)
			EditorAssembliesLoaded (0ms)
		ExecutionOrderSort2 (0ms)
		AwakeInstancesAfterBackupRestoration (0ms)
========================================================================
Worker process is ready to serve import requests
Begin MonoManager ReloadAssembly
- Loaded All Assemblies, in  0.679 seconds
Refreshing native plugins compatible for Editor in 9.39 ms, found 9 plugins.
Native extension for WindowsStandalone target not found
Package Manager log level set to [2]
[Package Manager] Server::EnsureServerProcessIsRunning -- launch failed, reason: Unity was launched with the -noUpm command-line argument
[Package Manager] UpmClient::Send -- Unable to send message (not connected to UPM process).
[Package Manager] Cannot connect to Unity Package Manager local server
Mono: successfully reloaded assembly
[Package Manager] Server::EnsureServerProcessIsRunning -- launch failed, reason: Unity was launched with the -noUpm command-line argument
[Package Manager] UpmClient::Send -- Unable to send message (not connected to UPM process).
[Package Manager] Cannot connect to Unity Package Manager local server
[Package Manager] Server::EnsureServerProcessIsRunning -- launch failed, reason: Unity was launched with the -noUpm command-line argument
[Package Manager] UpmClient::Send -- Unable to send message (not connected to UPM process).
[Package Manager] Cannot connect to Unity Package Manager local server
- Finished resetting the current domain, in  0.711 seconds
Domain Reload Profiling: 1387ms
	BeginReloadAssembly (123ms)
		ExecutionOrderSort (0ms)
		DisableScriptedObjects (4ms)
		BackupInstance (0ms)
		ReleaseScriptingObjects (0ms)
		CreateAndSetChildDomain (18ms)
	RebuildCommonClasses (25ms)
	RebuildNativeTypeToScriptingClass (7ms)
	initialDomainReloadingComplete (32ms)
	LoadAllAssembliesAndSetupDomain (488ms)
		LoadAssemblies (332ms)
		RebuildTransferFunctionScriptingTraits (0ms)
		AnalyzeDomain (226ms)
			TypeCache.Refresh (186ms)
				TypeCache.ScanAssembly (163ms)
			ScanForSourceGeneratedMonoScriptInfo (26ms)
			ResolveRequiredComponents (13ms)
	FinalizeReload (711ms)
		ReleaseScriptCaches (0ms)
		RebuildScriptCaches (0ms)
		SetupLoadedEditorAssemblies (545ms)
			LogAssemblyErrors (0ms)
			InitializePlatformSupportModulesInManaged (5ms)
			SetLoadedEditorAssemblies (3ms)
			RefreshPlugins (0ms)
			BeforeProcessingInitializeOnLoad (75ms)
			ProcessInitializeOnLoadAttributes (355ms)
			ProcessInitializeOnLoadMethodAttributes (100ms)
			AfterProcessingInitializeOnLoad (6ms)
			EditorAssembliesLoaded (0ms)
		ExecutionOrderSort2 (0ms)
		AwakeInstancesAfterBackupRestoration (7ms)
Launched and connected shader compiler UnityShaderCompiler.exe after 0.19 seconds
Refreshing native plugins compatible for Editor in 10.74 ms, found 9 plugins.
Preloading 0 native plugins for Editor in 0.00 ms.
Unloading 6071 Unused Serialized files (Serialized files now loaded: 0)
Unloading 102 unused Assets / (366.4 KB). Loaded Objects now: 6522.
Memory consumption went from 221.9 MB to 221.5 MB.
Total: 5.428100 ms (FindLiveObjects: 0.549400 ms CreateObjectMapping: 0.363500 ms MarkObjects: 4.135200 ms  DeleteObjects: 0.378700 ms)

AssetImportParameters requested are different than current active one (requested -> active):
  custom:container-demuxer-ogg: 62fdf1f143b41e24485cea50d1cbac27 -> 
  custom:video-codec-MediaFoundation-h265: 746d11721c4dcdbdad8f713fa42b33f4 -> 
  custom:video-decoder-ogg-theora: a1e56fd34408186e4bbccfd4996cb3dc -> 
  custom:framework-win-MediaFoundation: 216162199b28c13a410421893ffa2e32 -> 
  custom:container-demuxer-webm: 4f35f7cbe854078d1ac9338744f61a02 -> 
  custom:container-muxer-webm: aa71ff27fc2769a1b78a27578f13a17b -> 
  custom:video-decoder-webm-vp8: 9c59270c3fd7afecdb556c50c9e8de78 -> 
  custom:AudioImporter_EditorPlatform: d09bf68614088b80899f8185d706f6e7 -> 
  custom:video-encoder-webm-vp8: eb34c28f22e8b96e1ab97ce403110664 -> 
  custom:audio-decoder-ogg-vorbis: bf7c407c2cedff20999df2af8eb42d56 -> 
  custom:audio-encoder-webm-vorbis: bf7c407c2cedff20999df2af8eb42d56 -> 
========================================================================
Received Import Request.
  Time since last request: 12816.809107 seconds.
  path: Assets/UniversalRenderPipelineGlobalSettings.asset
  artifactKey: Guid(18dc0cd2c080841dea60987a38ce93fa) Importer(815301076,1909f56bfc062723c751e8b465ee728b)
Start importing Assets/UniversalRenderPipelineGlobalSettings.asset using Guid(18dc0cd2c080841dea60987a38ce93fa) Importer(815301076,1909f56bfc062723c751e8b465ee728b)  -> (artifact id: '3b9ed3c4cc2bcc5f07d20d853f149372') in 0.016769 seconds
Number of updated asset objects reloaded before import = 0
Number of asset objects unloaded after import = 1
========================================================================
Received Import Request.
  Time since last request: 11.191229 seconds.
  path: Assets/Kabungus/HouseholdItems/Models/Bat.fbx
  artifactKey: Guid(a065356909044b0428d4cdd57a9e3384) Importer(815301076,1909f56bfc062723c751e8b465ee728b)
Start importing Assets/Kabungus/HouseholdItems/Models/Bat.fbx using Guid(a065356909044b0428d4cdd57a9e3384) Importer(815301076,1909f56bfc062723c751e8b465ee728b)  -> (artifact id: 'aef075e78a1d3eafc68965c2b864fbb8') in 0.493777 seconds
Number of updated asset objects reloaded before import = 0
Number of asset objects unloaded after import = 10
========================================================================
Received Import Request.
  Time since last request: 0.000078 seconds.
  path: Assets/Kabungus/HouseholdItems/Models/Bottle3Green.fbx
  artifactKey: Guid(594a2133f6142e94ca7fee09cbda6498) Importer(815301076,1909f56bfc062723c751e8b465ee728b)
Start importing Assets/Kabungus/HouseholdItems/Models/Bottle3Green.fbx using Guid(594a2133f6142e94ca7fee09cbda6498) Importer(815301076,1909f56bfc062723c751e8b465ee728b)  -> (artifact id: '32a33fe6424c3e585db35790985e095d') in 0.064109 seconds
Number of updated asset objects reloaded before import = 0
Number of asset objects unloaded after import = 10
========================================================================
Received Import Request.
  Time since last request: 0.000093 seconds.
  path: Assets/Kabungus/HouseholdItems/Models/FastFoodCupBlue.fbx
  artifactKey: Guid(9e510e0678cfcb8428151515b1c24389) Importer(815301076,1909f56bfc062723c751e8b465ee728b)
Start importing Assets/Kabungus/HouseholdItems/Models/FastFoodCupBlue.fbx using Guid(9e510e0678cfcb8428151515b1c24389) Importer(815301076,1909f56bfc062723c751e8b465ee728b)  -> (artifact id: 'c277026c84271800665a1f5ce18ca52e') in 0.054717 seconds
Number of updated asset objects reloaded before import = 0
Number of asset objects unloaded after import = 10
========================================================================
Received Import Request.
  Time since last request: 0.000052 seconds.
  path: Assets/Kabungus/HouseholdItems/Models/SmartPhoneGreen.fbx
  artifactKey: Guid(0040c4d16007e584c99e3a3a31a452f3) Importer(815301076,1909f56bfc062723c751e8b465ee728b)
Start importing Assets/Kabungus/HouseholdItems/Models/SmartPhoneGreen.fbx using Guid(0040c4d16007e584c99e3a3a31a452f3) Importer(815301076,1909f56bfc062723c751e8b465ee728b)  -> (artifact id: 'f172541b956c84c80015ea4d93380e85') in 0.051166 seconds
Number of updated asset objects reloaded before import = 0
Number of asset objects unloaded after import = 10
========================================================================
Received Import Request.
  Time since last request: 0.000037 seconds.
  path: Assets/Kabungus/HouseholdItems/Models/Spoon.fbx
  artifactKey: Guid(25b1a2c214aa2494e85518ad6711b3d2) Importer(815301076,1909f56bfc062723c751e8b465ee728b)
Start importing Assets/Kabungus/HouseholdItems/Models/Spoon.fbx using Guid(25b1a2c214aa2494e85518ad6711b3d2) Importer(815301076,1909f56bfc062723c751e8b465ee728b)  -> (artifact id: '1bf7f2baa8c9a3f42989b40d25165920') in 0.064444 seconds
Number of updated asset objects reloaded before import = 0
Number of asset objects unloaded after import = 10
========================================================================
Received Import Request.
  Time since last request: 0.000048 seconds.
  path: Assets/Kabungus/HouseholdItems/Models/SledgeHammer.fbx
  artifactKey: Guid(35e3af8eea5ba85488e6dd96363b8379) Importer(815301076,1909f56bfc062723c751e8b465ee728b)
Start importing Assets/Kabungus/HouseholdItems/Models/SledgeHammer.fbx using Guid(35e3af8eea5ba85488e6dd96363b8379) Importer(815301076,1909f56bfc062723c751e8b465ee728b)  -> (artifact id: 'bd4e627316a8c97eeef1f9d3debd0137') in 0.053536 seconds
Number of updated asset objects reloaded before import = 0
Number of asset objects unloaded after import = 10
========================================================================
Received Import Request.
  Time since last request: 0.000035 seconds.
  path: Assets/Kabungus/HouseholdItems/Models/TVStand.fbx
  artifactKey: Guid(03d128306848ffc48a08081f54f6a85e) Importer(815301076,1909f56bfc062723c751e8b465ee728b)
Start importing Assets/Kabungus/HouseholdItems/Models/TVStand.fbx using Guid(03d128306848ffc48a08081f54f6a85e) Importer(815301076,1909f56bfc062723c751e8b465ee728b)  -> (artifact id: 'ddb7f4d5e494075a9d63a3345142ff83') in 0.039498 seconds
Number of updated asset objects reloaded before import = 0
Number of asset objects unloaded after import = 10
========================================================================
Received Import Request.
  Time since last request: 0.000031 seconds.
  path: Assets/Kabungus/HouseholdItems/Models/Bottle3.fbx
  artifactKey: Guid(a8b418ed1c169454b82714ac49106189) Importer(815301076,1909f56bfc062723c751e8b465ee728b)
Start importing Assets/Kabungus/HouseholdItems/Models/Bottle3.fbx using Guid(a8b418ed1c169454b82714ac49106189) Importer(815301076,1909f56bfc062723c751e8b465ee728b)  -> (artifact id: 'f07cc860ea9c5bfcab90228ca47c7f9a') in 0.051166 seconds
Number of updated asset objects reloaded before import = 0
Number of asset objects unloaded after import = 10
========================================================================
Received Import Request.
  Time since last request: 0.000034 seconds.
  path: Assets/Kabungus/HouseholdItems/Models/BookOrange.fbx
  artifactKey: Guid(fe504561693c37d43ba5303251aedb14) Importer(815301076,1909f56bfc062723c751e8b465ee728b)
Start importing Assets/Kabungus/HouseholdItems/Models/BookOrange.fbx using Guid(fe504561693c37d43ba5303251aedb14) Importer(815301076,1909f56bfc062723c751e8b465ee728b)  -> (artifact id: 'ed08c26ce03c0218c2dd7a94ed6cd272') in 0.033564 seconds
Number of updated asset objects reloaded before import = 0
Number of asset objects unloaded after import = 10
========================================================================
Received Import Request.
  Time since last request: 0.000024 seconds.
  path: Assets/Kabungus/HouseholdItems/Models/Camera.fbx
  artifactKey: Guid(9db9da53e72df3f489a3c2a6dd1f7f0a) Importer(815301076,1909f56bfc062723c751e8b465ee728b)
Start importing Assets/Kabungus/HouseholdItems/Models/Camera.fbx using Guid(9db9da53e72df3f489a3c2a6dd1f7f0a) Importer(815301076,1909f56bfc062723c751e8b465ee728b)  -> (artifact id: '4fd02de2a0616e18a5202f981c52292c') in 0.039965 seconds
Number of updated asset objects reloaded before import = 0
Number of asset objects unloaded after import = 10
========================================================================
Received Import Request.
  Time since last request: 0.000025 seconds.
  path: Assets/Kabungus/HouseholdItems/Models/TV.fbx
  artifactKey: Guid(33214f9d37d795441875ba08bbe38a7c) Importer(815301076,1909f56bfc062723c751e8b465ee728b)
Start importing Assets/Kabungus/HouseholdItems/Models/TV.fbx using Guid(33214f9d37d795441875ba08bbe38a7c) Importer(815301076,1909f56bfc062723c751e8b465ee728b)  -> (artifact id: 'ece64e614a9cc8dc5b2e9d5c4039db1a') in 0.039175 seconds
Number of updated asset objects reloaded before import = 0
Number of asset objects unloaded after import = 10
========================================================================
Received Import Request.
  Time since last request: 0.000140 seconds.
  path: Assets/Kabungus/HouseholdItems/Models/CupRed.fbx
  artifactKey: Guid(af5b0c10ece0761459a129c5bb6ca880) Importer(815301076,1909f56bfc062723c751e8b465ee728b)
Start importing Assets/Kabungus/HouseholdItems/Models/CupRed.fbx using Guid(af5b0c10ece0761459a129c5bb6ca880) Importer(815301076,1909f56bfc062723c751e8b465ee728b)  -> (artifact id: '428ad56b3c974898f8a5e32317414e66') in 0.050784 seconds
Number of updated asset objects reloaded before import = 0
Number of asset objects unloaded after import = 10
========================================================================
Received Import Request.
  Time since last request: 0.000045 seconds.
  path: Assets/Kabungus/HouseholdItems/Models/Wrench.fbx
  artifactKey: Guid(14f2837993714674bb122799de8153ec) Importer(815301076,1909f56bfc062723c751e8b465ee728b)
Start importing Assets/Kabungus/HouseholdItems/Models/Wrench.fbx using Guid(14f2837993714674bb122799de8153ec) Importer(815301076,1909f56bfc062723c751e8b465ee728b)  -> (artifact id: '63523072ab61ae8f22a51e7a4175fd18') in 0.048163 seconds
Number of updated asset objects reloaded before import = 0
Number of asset objects unloaded after import = 10
========================================================================
Received Import Request.
  Time since last request: 0.000035 seconds.
  path: Assets/Kabungus/HouseholdItems/Models/Saw.fbx
  artifactKey: Guid(2e5307c2c58b4c14faf1ef1cafc4d5d3) Importer(815301076,1909f56bfc062723c751e8b465ee728b)
Start importing Assets/Kabungus/HouseholdItems/Models/Saw.fbx using Guid(2e5307c2c58b4c14faf1ef1cafc4d5d3) Importer(815301076,1909f56bfc062723c751e8b465ee728b)  -> (artifact id: '0db101cf34068151bf548635f4a45ada') in 0.049159 seconds
Number of updated asset objects reloaded before import = 0
Number of asset objects unloaded after import = 10
========================================================================
Received Import Request.
  Time since last request: 0.000025 seconds.
  path: Assets/Kabungus/HouseholdItems/Models/ToothbrushGreen.fbx
  artifactKey: Guid(a9fa3dd73b805314f92355a335239f38) Importer(815301076,1909f56bfc062723c751e8b465ee728b)
Start importing Assets/Kabungus/HouseholdItems/Models/ToothbrushGreen.fbx using Guid(a9fa3dd73b805314f92355a335239f38) Importer(815301076,1909f56bfc062723c751e8b465ee728b)  -> (artifact id: '2001d4ea8cdabc66256e848141000c5f') in 0.046148 seconds
Number of updated asset objects reloaded before import = 0
Number of asset objects unloaded after import = 10
========================================================================
Received Import Request.
  Time since last request: 0.000031 seconds.
  path: Assets/Kabungus/HouseholdItems/Models/CupBrown.fbx
  artifactKey: Guid(84c0f2ff54923864aa4248da59cf63b1) Importer(815301076,1909f56bfc062723c751e8b465ee728b)
Start importing Assets/Kabungus/HouseholdItems/Models/CupBrown.fbx using Guid(84c0f2ff54923864aa4248da59cf63b1) Importer(815301076,1909f56bfc062723c751e8b465ee728b)  -> (artifact id: '97b49935e63937d864fa21981b6ff0a9') in 0.036607 seconds
Number of updated asset objects reloaded before import = 0
Number of asset objects unloaded after import = 10
========================================================================
Received Import Request.
  Time since last request: 0.000029 seconds.
  path: Assets/Kabungus/HouseholdItems/Models/Plate_001.fbx
  artifactKey: Guid(136a21140d24ad1498cc9e9a9aef5330) Importer(815301076,1909f56bfc062723c751e8b465ee728b)
Start importing Assets/Kabungus/HouseholdItems/Models/Plate_001.fbx using Guid(136a21140d24ad1498cc9e9a9aef5330) Importer(815301076,1909f56bfc062723c751e8b465ee728b)  -> (artifact id: '77635c7012e421a835963affbafc606e') in 0.037136 seconds
Number of updated asset objects reloaded before import = 0
Number of asset objects unloaded after import = 10
========================================================================
Received Import Request.
  Time since last request: 0.000030 seconds.
  path: Assets/Kabungus/HouseholdItems/Models/Bottle3Blue.fbx
  artifactKey: Guid(3233c60071738884497db234e22cf377) Importer(815301076,1909f56bfc062723c751e8b465ee728b)
Start importing Assets/Kabungus/HouseholdItems/Models/Bottle3Blue.fbx using Guid(3233c60071738884497db234e22cf377) Importer(815301076,1909f56bfc062723c751e8b465ee728b)  -> (artifact id: '32fb79cc471fae18c0005180ee311543') in 0.033603 seconds
Number of updated asset objects reloaded before import = 0
Number of asset objects unloaded after import = 10
========================================================================
Received Import Request.
  Time since last request: 0.000032 seconds.
  path: Assets/Kabungus/HouseholdItems/Models/Plate.fbx
  artifactKey: Guid(c63d3cf29a511214f9335bbcfd0979c7) Importer(815301076,1909f56bfc062723c751e8b465ee728b)
Start importing Assets/Kabungus/HouseholdItems/Models/Plate.fbx using Guid(c63d3cf29a511214f9335bbcfd0979c7) Importer(815301076,1909f56bfc062723c751e8b465ee728b)  -> (artifact id: '32ce3c127d14c7d81c4eecd5a8d6c013') in 0.037115 seconds
Number of updated asset objects reloaded before import = 0
Number of asset objects unloaded after import = 10
========================================================================
Received Import Request.
  Time since last request: 0.000033 seconds.
  path: Assets/Kabungus/HouseholdItems/Models/ScrewDriverRed.fbx
  artifactKey: Guid(fbefc2e875a47824eb596aa1f4a2511d) Importer(815301076,1909f56bfc062723c751e8b465ee728b)
Start importing Assets/Kabungus/HouseholdItems/Models/ScrewDriverRed.fbx using Guid(fbefc2e875a47824eb596aa1f4a2511d) Importer(815301076,1909f56bfc062723c751e8b465ee728b)  -> (artifact id: 'ac97d76a350570144d77dda2afc697dc') in 0.041585 seconds
Number of updated asset objects reloaded before import = 0
Number of asset objects unloaded after import = 10
========================================================================
Received Import Request.
  Time since last request: 0.000031 seconds.
  path: Assets/Kabungus/HouseholdItems/Models/Mug_001.fbx
  artifactKey: Guid(473f1a99c0b186949b372e342d40a357) Importer(815301076,1909f56bfc062723c751e8b465ee728b)
Start importing Assets/Kabungus/HouseholdItems/Models/Mug_001.fbx using Guid(473f1a99c0b186949b372e342d40a357) Importer(815301076,1909f56bfc062723c751e8b465ee728b)  -> (artifact id: 'f815cec3fe83c445d73eac8dc031f0bc') in 0.036266 seconds
Number of updated asset objects reloaded before import = 0
Number of asset objects unloaded after import = 10
========================================================================
Received Import Request.
  Time since last request: 0.007254 seconds.
  path: Assets/Kabungus/HouseholdItems/Models/Fork.fbx
  artifactKey: Guid(a1c0e373d3f284a42967f0da362ec240) Importer(815301076,1909f56bfc062723c751e8b465ee728b)
Start importing Assets/Kabungus/HouseholdItems/Models/Fork.fbx using Guid(a1c0e373d3f284a42967f0da362ec240) Importer(815301076,1909f56bfc062723c751e8b465ee728b)  -> (artifact id: 'ad2f3babf1929eb98a31a898c8f93080') in 0.019895 seconds
Number of updated asset objects reloaded before import = 0
Number of asset objects unloaded after import = 10
========================================================================
Received Import Request.
  Time since last request: 0.000028 seconds.
  path: Assets/Kabungus/HouseholdItems/Models/BookRed.fbx
  artifactKey: Guid(c3390df49e87e5c46981156f184b4aec) Importer(815301076,1909f56bfc062723c751e8b465ee728b)
Start importing Assets/Kabungus/HouseholdItems/Models/BookRed.fbx using Guid(c3390df49e87e5c46981156f184b4aec) Importer(815301076,1909f56bfc062723c751e8b465ee728b)  -> (artifact id: '68fe91ee8c6b41993422b8632e399a95') in 0.039276 seconds
Number of updated asset objects reloaded before import = 0
Number of asset objects unloaded after import = 10
========================================================================
Received Import Request.
  Time since last request: 0.000044 seconds.
  path: Assets/Kabungus/HouseholdItems/Models/Desk.fbx
  artifactKey: Guid(ee730ca47649dcc45826c63f07bead06) Importer(815301076,1909f56bfc062723c751e8b465ee728b)
Start importing Assets/Kabungus/HouseholdItems/Models/Desk.fbx using Guid(ee730ca47649dcc45826c63f07bead06) Importer(815301076,1909f56bfc062723c751e8b465ee728b)  -> (artifact id: 'fd2165b108d18797216014ffdbb63038') in 0.043043 seconds
Number of updated asset objects reloaded before import = 0
Number of asset objects unloaded after import = 10
========================================================================
Received Import Request.
  Time since last request: 0.000037 seconds.
  path: Assets/Kabungus/HouseholdItems/Models/BriefcaseGrey.fbx
  artifactKey: Guid(12fd7b745f6bfd1409631096ed97192c) Importer(815301076,1909f56bfc062723c751e8b465ee728b)
Start importing Assets/Kabungus/HouseholdItems/Models/BriefcaseGrey.fbx using Guid(12fd7b745f6bfd1409631096ed97192c) Importer(815301076,1909f56bfc062723c751e8b465ee728b)  -> (artifact id: '32b117ee910c2398f6586e8fdc194c2b') in 0.049026 seconds
Number of updated asset objects reloaded before import = 0
Number of asset objects unloaded after import = 10
========================================================================
Received Import Request.
  Time since last request: 0.000025 seconds.
  path: Assets/Kabungus/HouseholdItems/Models/Pencil.fbx
  artifactKey: Guid(f01bbbba18169ee45a46e36fe3cbc1f8) Importer(815301076,1909f56bfc062723c751e8b465ee728b)
Start importing Assets/Kabungus/HouseholdItems/Models/Pencil.fbx using Guid(f01bbbba18169ee45a46e36fe3cbc1f8) Importer(815301076,1909f56bfc062723c751e8b465ee728b)  -> (artifact id: '553fbb6a0cbbf14e09f34710c6a97b46') in 0.035031 seconds
Number of updated asset objects reloaded before import = 0
Number of asset objects unloaded after import = 10
========================================================================
Received Import Request.
  Time since last request: 0.000033 seconds.
  path: Assets/Kabungus/HouseholdItems/Models/Hammer.fbx
  artifactKey: Guid(39a8b7fbca88eb842b946df761cdaa86) Importer(815301076,1909f56bfc062723c751e8b465ee728b)
Start importing Assets/Kabungus/HouseholdItems/Models/Hammer.fbx using Guid(39a8b7fbca88eb842b946df761cdaa86) Importer(815301076,1909f56bfc062723c751e8b465ee728b)  -> (artifact id: '00c93e7ab4b378791a7ae3fd068fdd8e') in 0.043271 seconds
Number of updated asset objects reloaded before import = 0
Number of asset objects unloaded after import = 10
========================================================================
Received Import Request.
  Time since last request: 0.000026 seconds.
  path: Assets/Kabungus/HouseholdItems/Models/Binoculars.fbx
  artifactKey: Guid(a77e9c6471fcb1b4aa0210bd07053404) Importer(815301076,1909f56bfc062723c751e8b465ee728b)
Start importing Assets/Kabungus/HouseholdItems/Models/Binoculars.fbx using Guid(a77e9c6471fcb1b4aa0210bd07053404) Importer(815301076,1909f56bfc062723c751e8b465ee728b)  -> (artifact id: 'fd49593c20d77ae2275f69ce5a9b1a57') in 0.045276 seconds
Number of updated asset objects reloaded before import = 0
Number of asset objects unloaded after import = 10
========================================================================
Received Import Request.
  Time since last request: 0.000051 seconds.
  path: Assets/Kabungus/HouseholdItems/Models/Bottle2.fbx
  artifactKey: Guid(ab04bd6e8b2e4f344bb52707b192cce4) Importer(815301076,1909f56bfc062723c751e8b465ee728b)
Start importing Assets/Kabungus/HouseholdItems/Models/Bottle2.fbx using Guid(ab04bd6e8b2e4f344bb52707b192cce4) Importer(815301076,1909f56bfc062723c751e8b465ee728b)  -> (artifact id: '075e15542dfde210892683d7074a2a8d') in 0.042248 seconds
Number of updated asset objects reloaded before import = 0
Number of asset objects unloaded after import = 10
========================================================================
Received Import Request.
  Time since last request: 0.000045 seconds.
  path: Assets/Kabungus/HouseholdItems/Models/FastFoodCupRed.fbx
  artifactKey: Guid(7a96eff1648e86445b9006ae68966fef) Importer(815301076,1909f56bfc062723c751e8b465ee728b)
Start importing Assets/Kabungus/HouseholdItems/Models/FastFoodCupRed.fbx using Guid(7a96eff1648e86445b9006ae68966fef) Importer(815301076,1909f56bfc062723c751e8b465ee728b)  -> (artifact id: '5837f98ef8860eecb008aa0f5df6ffd8') in 0.045796 seconds
Number of updated asset objects reloaded before import = 0
Number of asset objects unloaded after import = 10
========================================================================
Received Import Request.
  Time since last request: 0.000076 seconds.
  path: Assets/Kabungus/HouseholdItems/Models/Bottle2Purple.fbx
  artifactKey: Guid(159379b792012974cad43e278ff30f48) Importer(815301076,1909f56bfc062723c751e8b465ee728b)
Start importing Assets/Kabungus/HouseholdItems/Models/Bottle2Purple.fbx using Guid(159379b792012974cad43e278ff30f48) Importer(815301076,1909f56bfc062723c751e8b465ee728b)  -> (artifact id: '82cac371bcedac42c639c5c538c731fa') in 0.036419 seconds
Number of updated asset objects reloaded before import = 0
Number of asset objects unloaded after import = 10
========================================================================
Received Import Request.
  Time since last request: 0.000031 seconds.
  path: Assets/Kabungus/HouseholdItems/Models/Cup.fbx
  artifactKey: Guid(cea22ea1125c1564f845ff91bdec70d7) Importer(815301076,1909f56bfc062723c751e8b465ee728b)
Start importing Assets/Kabungus/HouseholdItems/Models/Cup.fbx using Guid(cea22ea1125c1564f845ff91bdec70d7) Importer(815301076,1909f56bfc062723c751e8b465ee728b)  -> (artifact id: '39f275edb5e0383bcbb8b52394ae93e8') in 0.033731 seconds
Number of updated asset objects reloaded before import = 0
Number of asset objects unloaded after import = 10
========================================================================
Received Import Request.
  Time since last request: 0.000033 seconds.
  path: Assets/Kabungus/HouseholdItems/Models/SmartPhoneBlue.fbx
  artifactKey: Guid(8e2067e9391ba0340be613d24391da10) Importer(815301076,1909f56bfc062723c751e8b465ee728b)
Start importing Assets/Kabungus/HouseholdItems/Models/SmartPhoneBlue.fbx using Guid(8e2067e9391ba0340be613d24391da10) Importer(815301076,1909f56bfc062723c751e8b465ee728b)  -> (artifact id: 'be324b9db2dd03d2469fbed09c623cb8') in 0.053739 seconds
Number of updated asset objects reloaded before import = 0
Number of asset objects unloaded after import = 10
========================================================================
Received Import Request.
  Time since last request: 0.000031 seconds.
  path: Assets/Kabungus/HouseholdItems/Models/ScrewDriverBlue.fbx
  artifactKey: Guid(82c5bf8db4f44694a9f60476aad774e8) Importer(815301076,1909f56bfc062723c751e8b465ee728b)
Start importing Assets/Kabungus/HouseholdItems/Models/ScrewDriverBlue.fbx using Guid(82c5bf8db4f44694a9f60476aad774e8) Importer(815301076,1909f56bfc062723c751e8b465ee728b)  -> (artifact id: '1f300c30a5141218bd331b39060a3e96') in 0.040449 seconds
Number of updated asset objects reloaded before import = 0
Number of asset objects unloaded after import = 10
========================================================================
Received Import Request.
  Time since last request: 0.000039 seconds.
  path: Assets/Kabungus/HouseholdItems/Models/Medkit.fbx
  artifactKey: Guid(f89105f1a7259a7438e6b355f754ca89) Importer(815301076,1909f56bfc062723c751e8b465ee728b)
Start importing Assets/Kabungus/HouseholdItems/Models/Medkit.fbx using Guid(f89105f1a7259a7438e6b355f754ca89) Importer(815301076,1909f56bfc062723c751e8b465ee728b)  -> (artifact id: '09e8f00d0d359164bf6f37b983a7318b') in 0.033490 seconds
Number of updated asset objects reloaded before import = 0
Number of asset objects unloaded after import = 10
========================================================================
Received Import Request.
  Time since last request: 0.000028 seconds.
  path: Assets/Kabungus/HouseholdItems/Models/Shovel.fbx
  artifactKey: Guid(471f79d8a96bfde4f9e1a293e7f7361d) Importer(815301076,1909f56bfc062723c751e8b465ee728b)
Start importing Assets/Kabungus/HouseholdItems/Models/Shovel.fbx using Guid(471f79d8a96bfde4f9e1a293e7f7361d) Importer(815301076,1909f56bfc062723c751e8b465ee728b)  -> (artifact id: 'd63dbc98011d971d779c31cc8a4b3733') in 0.043713 seconds
Number of updated asset objects reloaded before import = 0
Number of asset objects unloaded after import = 10
========================================================================
Received Import Request.
  Time since last request: 0.000031 seconds.
  path: Assets/Kabungus/HouseholdItems/Models/Bottle1Black.fbx
  artifactKey: Guid(3a63b0b1934b09b4b9aaebb19e228d33) Importer(815301076,1909f56bfc062723c751e8b465ee728b)
Start importing Assets/Kabungus/HouseholdItems/Models/Bottle1Black.fbx using Guid(3a63b0b1934b09b4b9aaebb19e228d33) Importer(815301076,1909f56bfc062723c751e8b465ee728b)  -> (artifact id: 'd596d6593137dca8df262c751c9e2c0a') in 0.039662 seconds
Number of updated asset objects reloaded before import = 0
Number of asset objects unloaded after import = 10
========================================================================
Received Import Request.
  Time since last request: 0.000029 seconds.
  path: Assets/Kabungus/HouseholdItems/Models/Pan2.fbx
  artifactKey: Guid(6dcca7473d12a784ebb3e8eff754d489) Importer(815301076,1909f56bfc062723c751e8b465ee728b)
Start importing Assets/Kabungus/HouseholdItems/Models/Pan2.fbx using Guid(6dcca7473d12a784ebb3e8eff754d489) Importer(815301076,1909f56bfc062723c751e8b465ee728b)  -> (artifact id: 'db47aa6cc4f72743b4aa1b9cfb8307b4') in 0.037289 seconds
Number of updated asset objects reloaded before import = 0
Number of asset objects unloaded after import = 10
========================================================================
Received Prepare
Refreshing native plugins compatible for Editor in 8.08 ms, found 9 plugins.
Preloading 0 native plugins for Editor in 0.00 ms.
Unloading 2 Unused Serialized files (Serialized files now loaded: 0)
Unloading 2 unused Assets / (290.7 KB). Loaded Objects now: 6659.
Memory consumption went from 108.7 MB to 108.4 MB.
Total: 5.673700 ms (FindLiveObjects: 0.365000 ms CreateObjectMapping: 0.199000 ms MarkObjects: 5.020900 ms  DeleteObjects: 0.086900 ms)

Prepare: number of updated asset objects reloaded= 18
AssetImportParameters requested are different than current active one (requested -> active):
  custom:container-demuxer-ogg: 62fdf1f143b41e24485cea50d1cbac27 -> 
  custom:video-codec-MediaFoundation-h265: 746d11721c4dcdbdad8f713fa42b33f4 -> 
  custom:video-decoder-ogg-theora: a1e56fd34408186e4bbccfd4996cb3dc -> 
  custom:framework-win-MediaFoundation: 216162199b28c13a410421893ffa2e32 -> 
  custom:CustomObjectIndexerAttribute: a3ef5dd2817f97addfee359851a9dba5 -> 
  custom:container-demuxer-webm: 4f35f7cbe854078d1ac9338744f61a02 -> 
  custom:container-muxer-webm: aa71ff27fc2769a1b78a27578f13a17b -> 
  custom:video-decoder-webm-vp8: 9c59270c3fd7afecdb556c50c9e8de78 -> 
  custom:SearchIndexIgnoredProperties: e643bd26f0fe6173181afceb89e7c659 -> 
  custom:AudioImporter_EditorPlatform: d09bf68614088b80899f8185d706f6e7 -> 
  custom:video-encoder-webm-vp8: eb34c28f22e8b96e1ab97ce403110664 -> 
  custom:audio-decoder-ogg-vorbis: bf7c407c2cedff20999df2af8eb42d56 -> 
  custom:audio-encoder-webm-vorbis: bf7c407c2cedff20999df2af8eb42d56 -> 
